Arguments: 
  C:\Program Files\nodejs\node.exe C:\Program Files (x86)\Yarn\bin\yarn.js add bootstrap

PATH: 
  C:\Users\Glen\bin;C:\Program Files\Git\mingw64\bin;C:\Program Files\Git\usr\local\bin;C:\Program Files\Git\usr\bin;C:\Program Files\Git\usr\bin;C:\Program Files\Git\mingw64\bin;C:\Program Files\Git\usr\bin;C:\Users\Glen\bin;C:\Program Files (x86)\Common Files\Oracle\Java\javapath;C:\ProgramData\Oracle\Java\javapath;C:\Windows\system32;C:\Windows;C:\Windows\System32\Wbem;C:\Windows\System32\WindowsPowerShell\v1.0;C:\Program Files (x86)\NVIDIA Corporation\PhysX\Common;C:\Program Files (x86)\Skype\Phone;C:\Program Files\nodejs;C:\Program Files\Git\cmd;C:\Program Files (x86)\Yarn\bin;C:\Users\Glen\AppData\Local\GitHubDesktop\bin;C:\Users\Glen\AppData\Roaming\npm;C:\Users\Glen\AppData\Local\atom\bin;C:\Program Files\Heroku\bin;C:\Users\Glen\AppData\Local\Yarn\bin;C:\Program Files\Git\usr\bin\vendor_perl;C:\Program Files\Git\usr\bin\core_perl

Yarn version: 
  1.6.0

Node version: 
  6.11.3

Platform: 
  win32 x64

Trace: 
  Error: EPERM: operation not permitted, unlink 'C:\Users\Glen\Desktop\New Portoflio\Glen's Porotofolio\node_modules\node-sass\vendor\win32-x64-48\binding.node'
      at Error (native)

npm manifest: 
  {
    "name": "YourProject",
    "version": "0.0.1",
    "description": "Description of your project",
    "dependencies": {},
    "devDependencies": {
      "browser-sync": "^2.18.7",
      "gulp": "^3.9.1",
      "gulp-autoprefixer": "^3.1.1",
      "gulp-concat": "^2.6.1",
      "gulp-imagemin": "^3.1.1",
      "gulp-minify-css": "^1.2.4",
      "gulp-plumber": "^1.1.0",
      "gulp-sass": "^3.1.0",
      "gulp-sequence": "^0.4.6",
      "gulp-shell": "^0.5.2",
      "gulp-sourcemaps": "^2.4.1",
      "gulp-uglify": "^2.0.1",
      "gulp-util": "^3.0.8"
    }
  }

yarn manifest: 
  No manifest

Lockfile: 
  No lockfile
